<?xml version="1.0" encoding="UTF-8"?>
<!-- Generated by org.testng.reporters.JUnitReportReporter -->
<testsuite skipped="0" hostname="DESKTOP-K3QEPSU" name="fun.StringFormatTest" tests="1" failures="0" timestamp="10 Oct 2018 02:53:06 GMT" time="0.006" errors="0">
  <testcase name="t3" time="0.006" classname="fun.StringFormatTest"/>
</testsuite> <!-- fun.StringFormatTest -->
