<?xml version="1.0" encoding="UTF-8"?>
<!-- Generated by org.testng.reporters.JUnitReportReporter -->
<testsuite skipped="0" hostname="DESKTOP-K3QEPSU" name="com.shp.test.api.product.SimpleApiTest" tests="1" failures="0" timestamp="13 Oct 2018 16:06:16 GMT" time="0.451" errors="0">
  <testcase name="createProductTest" time="0.451" classname="com.shp.test.api.product.SimpleApiTest"/>
</testsuite> <!-- com.shp.test.api.product.SimpleApiTest -->
