<?xml version="1.0" encoding="UTF-8"?>
<!-- Generated by org.testng.reporters.JUnitReportReporter -->
<testsuite skipped="0" hostname="DESKTOP-K3QEPSU" name="com.shp.test.api.product.PostAPITest" tests="3" failures="0" timestamp="13 Oct 2018 18:54:13 GMT" time="0.361" errors="0">
  <testcase name="updatePostTest" time="0.014" classname="com.shp.test.api.product.PostAPITest"/>
  <testcase name="postTest" time="0.334" classname="com.shp.test.api.product.PostAPITest"/>
  <testcase name="retrieveTest" time="0.013" classname="com.shp.test.api.product.PostAPITest"/>
</testsuite> <!-- com.shp.test.api.product.PostAPITest -->
